<?xml version="1.0" encoding="UTF-8"?>
<!-- Generated by org.testng.reporters.JUnitReportReporter -->
<testsuite hostname="DESKTOP-QPVRL6U" name="com.actitime.customertest.ScreenShot" tests="1" failures="0" timestamp="20 Jul 2018 13:41:41 GMT" time="14.155" errors="0">
  <testcase name="createCustomerTest" time="14.155" classname="com.actitime.customertest.ScreenShot"/>
</testsuite> <!-- com.actitime.customertest.ScreenShot -->
