<?xml version="1.0" encoding="UTF-8"?>
<!-- Generated by org.testng.reporters.JUnitReportReporter -->
<testsuite hostname="DESKTOP-QPVRL6U" name="CustomerTest" tests="3" failures="0" timestamp="14 Jul 2018 16:56:54 GMT" time="0.018" errors="0">
  <testcase name="modifyCustomerTest" time="0.001" classname="CustomerTest"/>
  <testcase name="createCustomerTest" time="0.015" classname="CustomerTest"/>
  <testcase name="deleteCustomerTest" time="0.002" classname="CustomerTest"/>
</testsuite> <!-- CustomerTest -->
