<?xml version="1.0" encoding="UTF-8"?>
<!-- Generated by org.testng.reporters.JUnitReportReporter -->
<testsuite hostname="DESKTOP-QPVRL6U" name="com.actitime.customertest.ExtendsClass" tests="3" failures="0" timestamp="22 Jul 2018 16:46:43 GMT" time="10.689" errors="0">
  <testcase name="deleteCustomerTest" time="4.255" classname="com.actitime.customertest.ExtendsClass"/>
  <testcase name="createCustomerTest" time="5.691" classname="com.actitime.customertest.ExtendsClass"/>
  <testcase name="modifyCustomerTest" time="0.743" classname="com.actitime.customertest.ExtendsClass"/>
</testsuite> <!-- com.actitime.customertest.ExtendsClass -->
