<?xml version="1.0" encoding="UTF-8"?>
<!-- Generated by org.testng.reporters.JUnitReportReporter -->
<testsuite hostname="DESKTOP-QPVRL6U" name="com.actitime.customertest.LoginTest" tests="2" failures="0" timestamp="20 Jul 2018 16:26:25 GMT" time="2.232" errors="0">
  <testcase name="verifyHomePage" time="0.975" classname="com.actitime.customertest.LoginTest"/>
  <testcase name="verifyHomePageLogo" time="1.257" classname="com.actitime.customertest.LoginTest"/>
</testsuite> <!-- com.actitime.customertest.LoginTest -->
