<?xml version="1.0" encoding="UTF-8"?>
<!-- Generated by org.testng.reporters.JUnitReportReporter -->
<testsuite hostname="DESKTOP-QPVRL6U" name="CustomerTestPriority" tests="2" failures="0" timestamp="14 Jul 2018 17:06:35 GMT" time="0.016" errors="0">
  <testcase name="createCustomerTest" time="0.014" classname="CustomerTestPriority"/>
  <testcase name="modifyCustomerTest" time="0.002" classname="CustomerTestPriority"/>
</testsuite> <!-- CustomerTestPriority -->
