<?xml version="1.0" encoding="UTF-8"?>
<!-- Generated by org.testng.reporters.JUnitReportReporter -->
<testsuite hostname="DESKTOP-QPVRL6U" name="com.actitime.customertest.BeforeClassAfterClass" tests="3" failures="0" timestamp="16 Jul 2018 16:23:52 GMT" time="0.007" errors="0">
  <testcase name="deleteCustomerTest" time="0.001" classname="com.actitime.customertest.BeforeClassAfterClass"/>
  <testcase name="createCustomerTest" time="0.005" classname="com.actitime.customertest.BeforeClassAfterClass"/>
  <testcase name="modifyCustomerTest" time="0.001" classname="com.actitime.customertest.BeforeClassAfterClass"/>
</testsuite> <!-- com.actitime.customertest.BeforeClassAfterClass -->
