<?xml version="1.0" encoding="UTF-8"?>
<!-- Generated by org.testng.reporters.JUnitReportReporter -->
<testsuite hostname="DESKTOP-QPVRL6U" name="com.actitime.customertest.CustomerTest" tests="2" failures="0" timestamp="16 Jul 2018 13:52:54 GMT" time="0.017" errors="0">
  <testcase name="modifyCustomerTest" time="0.011" classname="com.actitime.customertest.CustomerTest"/>
  <testcase name="createCustomerTest" time="0.006" classname="com.actitime.customertest.CustomerTest"/>
</testsuite> <!-- com.actitime.customertest.CustomerTest -->
